The system is: Linux - 3.10.0-327.10.1.el7.x86_64 - x86_64
Compiling the C compiler identification source file "CMakeCCompilerId.c" succeeded.
Compiler: /opt/gcc-8.2.0/bin/gcc 
Build flags: 
Id flags: 

The output was:
0


Compilation of the C compiler identification source "CMakeCCompilerId.c" produced "a.out"

The C compiler identification is GNU, found in "/home/s-hjbouv/CP2/Randomwalk/CMakeFiles/2.8.11/CompilerIdC/a.out"

Compiling the CXX compiler identification source file "CMakeCXXCompilerId.cpp" succeeded.
Compiler: /opt/gcc-8.2.0/bin/g++ 
Build flags: 
Id flags: 

The output was:
0


Compilation of the CXX compiler identification source "CMakeCXXCompilerId.cpp" produced "a.out"

The CXX compiler identification is GNU, found in "/home/s-hjbouv/CP2/Randomwalk/CMakeFiles/2.8.11/CompilerIdCXX/a.out"

Determining if the C compiler works passed with the following output:
Change Dir: /home/s-hjbouv/CP2/Randomwalk/CMakeFiles/CMakeTmp

Run Build Command:/usr/bin/gmake "cmTryCompileExec2071977552/fast"
/usr/bin/gmake -f CMakeFiles/cmTryCompileExec2071977552.dir/build.make CMakeFiles/cmTryCompileExec2071977552.dir/build
gmake[1]: Entering directory `/home/s-hjbouv/CP2/Randomwalk/CMakeFiles/CMakeTmp'
/usr/bin/cmake -E cmake_progress_report /home/s-hjbouv/CP2/Randomwalk/CMakeFiles/CMakeTmp/CMakeFiles 1
Building C object CMakeFiles/cmTryCompileExec2071977552.dir/testCCompiler.c.o
/opt/gcc-8.2.0/bin/gcc    -o CMakeFiles/cmTryCompileExec2071977552.dir/testCCompiler.c.o   -c /home/s-hjbouv/CP2/Randomwalk/CMakeFiles/CMakeTmp/testCCompiler.c
Linking C executable cmTryCompileExec2071977552
/usr/bin/cmake -E cmake_link_script CMakeFiles/cmTryCompileExec2071977552.dir/link.txt --verbose=1
/opt/gcc-8.2.0/bin/gcc         CMakeFiles/cmTryCompileExec2071977552.dir/testCCompiler.c.o  -o cmTryCompileExec2071977552 -rdynamic 
gmake[1]: Leaving directory `/home/s-hjbouv/CP2/Randomwalk/CMakeFiles/CMakeTmp'


Detecting C compiler ABI info compiled with the following output:
Change Dir: /home/s-hjbouv/CP2/Randomwalk/CMakeFiles/CMakeTmp

Run Build Command:/usr/bin/gmake "cmTryCompileExec4136256582/fast"
/usr/bin/gmake -f CMakeFiles/cmTryCompileExec4136256582.dir/build.make CMakeFiles/cmTryCompileExec4136256582.dir/build
gmake[1]: Entering directory `/home/s-hjbouv/CP2/Randomwalk/CMakeFiles/CMakeTmp'
/usr/bin/cmake -E cmake_progress_report /home/s-hjbouv/CP2/Randomwalk/CMakeFiles/CMakeTmp/CMakeFiles 1
Building C object CMakeFiles/cmTryCompileExec4136256582.dir/CMakeCCompilerABI.c.o
/opt/gcc-8.2.0/bin/gcc    -o CMakeFiles/cmTryCompileExec4136256582.dir/CMakeCCompilerABI.c.o   -c /usr/share/cmake/Modules/CMakeCCompilerABI.c
Linking C executable cmTryCompileExec4136256582
/usr/bin/cmake -E cmake_link_script CMakeFiles/cmTryCompileExec4136256582.dir/link.txt --verbose=1
/opt/gcc-8.2.0/bin/gcc       -v CMakeFiles/cmTryCompileExec4136256582.dir/CMakeCCompilerABI.c.o  -o cmTryCompileExec4136256582 -rdynamic  
Using built-in specs.
COLLECT_GCC=/opt/gcc-8.2.0/bin/gcc
COLLECT_LTO_WRAPPER=/opt/gcc-8.2.0/libexec/gcc/x86_64-pc-linux-gnu/8.2.0/lto-wrapper
Target: x86_64-pc-linux-gnu
Configured with: ./configure --prefix=/opt/gcc-8.2.0 --disable-multilib
Thread model: posix
gcc version 8.2.0 (GCC) 
COMPILER_PATH=/opt/gcc-8.2.0/libexec/gcc/x86_64-pc-linux-gnu/8.2.0/:/opt/gcc-8.2.0/libexec/gcc/x86_64-pc-linux-gnu/8.2.0/:/opt/gcc-8.2.0/libexec/gcc/x86_64-pc-linux-gnu/:/opt/gcc-8.2.0/lib/gcc/x86_64-pc-linux-gnu/8.2.0/:/opt/gcc-8.2.0/lib/gcc/x86_64-pc-linux-gnu/
LIBRARY_PATH=/opt/gcc-8.2.0/lib/../lib64/:/opt/gcc-8.2.0/lib/gcc/x86_64-pc-linux-gnu/8.2.0/:/opt/gcc-8.2.0/lib/gcc/x86_64-pc-linux-gnu/8.2.0/../../../../lib64/:/lib/../lib64/:/usr/lib/../lib64/:/opt/gcc-8.2.0/lib/:/opt/gcc-8.2.0/lib/gcc/x86_64-pc-linux-gnu/8.2.0/../../../:/lib/:/usr/lib/
COLLECT_GCC_OPTIONS='-v' '-o' 'cmTryCompileExec4136256582' '-rdynamic' '-mtune=generic' '-march=x86-64'
 /opt/gcc-8.2.0/libexec/gcc/x86_64-pc-linux-gnu/8.2.0/collect2 -plugin /opt/gcc-8.2.0/libexec/gcc/x86_64-pc-linux-gnu/8.2.0/liblto_plugin.so -plugin-opt=/opt/gcc-8.2.0/libexec/gcc/x86_64-pc-linux-gnu/8.2.0/lto-wrapper -plugin-opt=-fresolution=/tmp/ccn9xAmG.res -plugin-opt=-pass-through=-lgcc -plugin-opt=-pass-through=-lgcc_s -plugin-opt=-pass-through=-lc -plugin-opt=-pass-through=-lgcc -plugin-opt=-pass-through=-lgcc_s --eh-frame-hdr -m elf_x86_64 -export-dynamic -dynamic-linker /lib64/ld-linux-x86-64.so.2 -o cmTryCompileExec4136256582 /lib/../lib64/crt1.o /lib/../lib64/crti.o /opt/gcc-8.2.0/lib/gcc/x86_64-pc-linux-gnu/8.2.0/crtbegin.o -L/opt/gcc-8.2.0/lib/../lib64 -L/opt/gcc-8.2.0/lib/gcc/x86_64-pc-linux-gnu/8.2.0 -L/opt/gcc-8.2.0/lib/gcc/x86_64-pc-linux-gnu/8.2.0/../../../../lib64 -L/lib/../lib64 -L/usr/lib/../lib64 -L/opt/gcc-8.2.0/lib -L/opt/gcc-8.2.0/lib/gcc/x86_64-pc-linux-gnu/8.2.0/../../.. CMakeFiles/cmTryCompileExec4136256582.dir/CMakeCCompilerABI.c.o -lgcc --as-needed -lgcc_s --no-as-needed -lc -lgcc --as-needed -lgcc_s --no-as-needed /opt/gcc-8.2.0/lib/gcc/x86_64-pc-linux-gnu/8.2.0/crtend.o /lib/../lib64/crtn.o
COLLECT_GCC_OPTIONS='-v' '-o' 'cmTryCompileExec4136256582' '-rdynamic' '-mtune=generic' '-march=x86-64'
gmake[1]: Leaving directory `/home/s-hjbouv/CP2/Randomwalk/CMakeFiles/CMakeTmp'


Parsed C implicit link information from above output:
  link line regex: [^( *|.*[/\])(ld|ld|collect2)[^/\]*( |$)]
  ignore line: [Change Dir: /home/s-hjbouv/CP2/Randomwalk/CMakeFiles/CMakeTmp]
  ignore line: []
  ignore line: [Run Build Command:/usr/bin/gmake "cmTryCompileExec4136256582/fast"]
  ignore line: [/usr/bin/gmake -f CMakeFiles/cmTryCompileExec4136256582.dir/build.make CMakeFiles/cmTryCompileExec4136256582.dir/build]
  ignore line: [gmake[1]: Entering directory `/home/s-hjbouv/CP2/Randomwalk/CMakeFiles/CMakeTmp']
  ignore line: [/usr/bin/cmake -E cmake_progress_report /home/s-hjbouv/CP2/Randomwalk/CMakeFiles/CMakeTmp/CMakeFiles 1]
  ignore line: [Building C object CMakeFiles/cmTryCompileExec4136256582.dir/CMakeCCompilerABI.c.o]
  ignore line: [/opt/gcc-8.2.0/bin/gcc    -o CMakeFiles/cmTryCompileExec4136256582.dir/CMakeCCompilerABI.c.o   -c /usr/share/cmake/Modules/CMakeCCompilerABI.c]
  ignore line: [Linking C executable cmTryCompileExec4136256582]
  ignore line: [/usr/bin/cmake -E cmake_link_script CMakeFiles/cmTryCompileExec4136256582.dir/link.txt --verbose=1]
  ignore line: [/opt/gcc-8.2.0/bin/gcc       -v CMakeFiles/cmTryCompileExec4136256582.dir/CMakeCCompilerABI.c.o  -o cmTryCompileExec4136256582 -rdynamic  ]
  ignore line: [Using built-in specs.]
  ignore line: [COLLECT_GCC=/opt/gcc-8.2.0/bin/gcc]
  ignore line: [COLLECT_LTO_WRAPPER=/opt/gcc-8.2.0/libexec/gcc/x86_64-pc-linux-gnu/8.2.0/lto-wrapper]
  ignore line: [Target: x86_64-pc-linux-gnu]
  ignore line: [Configured with: ./configure --prefix=/opt/gcc-8.2.0 --disable-multilib]
  ignore line: [Thread model: posix]
  ignore line: [gcc version 8.2.0 (GCC) ]
  ignore line: [COMPILER_PATH=/opt/gcc-8.2.0/libexec/gcc/x86_64-pc-linux-gnu/8.2.0/:/opt/gcc-8.2.0/libexec/gcc/x86_64-pc-linux-gnu/8.2.0/:/opt/gcc-8.2.0/libexec/gcc/x86_64-pc-linux-gnu/:/opt/gcc-8.2.0/lib/gcc/x86_64-pc-linux-gnu/8.2.0/:/opt/gcc-8.2.0/lib/gcc/x86_64-pc-linux-gnu/]
  ignore line: [LIBRARY_PATH=/opt/gcc-8.2.0/lib/../lib64/:/opt/gcc-8.2.0/lib/gcc/x86_64-pc-linux-gnu/8.2.0/:/opt/gcc-8.2.0/lib/gcc/x86_64-pc-linux-gnu/8.2.0/../../../../lib64/:/lib/../lib64/:/usr/lib/../lib64/:/opt/gcc-8.2.0/lib/:/opt/gcc-8.2.0/lib/gcc/x86_64-pc-linux-gnu/8.2.0/../../../:/lib/:/usr/lib/]
  ignore line: [COLLECT_GCC_OPTIONS='-v' '-o' 'cmTryCompileExec4136256582' '-rdynamic' '-mtune=generic' '-march=x86-64']
  link line: [ /opt/gcc-8.2.0/libexec/gcc/x86_64-pc-linux-gnu/8.2.0/collect2 -plugin /opt/gcc-8.2.0/libexec/gcc/x86_64-pc-linux-gnu/8.2.0/liblto_plugin.so -plugin-opt=/opt/gcc-8.2.0/libexec/gcc/x86_64-pc-linux-gnu/8.2.0/lto-wrapper -plugin-opt=-fresolution=/tmp/ccn9xAmG.res -plugin-opt=-pass-through=-lgcc -plugin-opt=-pass-through=-lgcc_s -plugin-opt=-pass-through=-lc -plugin-opt=-pass-through=-lgcc -plugin-opt=-pass-through=-lgcc_s --eh-frame-hdr -m elf_x86_64 -export-dynamic -dynamic-linker /lib64/ld-linux-x86-64.so.2 -o cmTryCompileExec4136256582 /lib/../lib64/crt1.o /lib/../lib64/crti.o /opt/gcc-8.2.0/lib/gcc/x86_64-pc-linux-gnu/8.2.0/crtbegin.o -L/opt/gcc-8.2.0/lib/../lib64 -L/opt/gcc-8.2.0/lib/gcc/x86_64-pc-linux-gnu/8.2.0 -L/opt/gcc-8.2.0/lib/gcc/x86_64-pc-linux-gnu/8.2.0/../../../../lib64 -L/lib/../lib64 -L/usr/lib/../lib64 -L/opt/gcc-8.2.0/lib -L/opt/gcc-8.2.0/lib/gcc/x86_64-pc-linux-gnu/8.2.0/../../.. CMakeFiles/cmTryCompileExec4136256582.dir/CMakeCCompilerABI.c.o -lgcc --as-needed -lgcc_s --no-as-needed -lc -lgcc --as-needed -lgcc_s --no-as-needed /opt/gcc-8.2.0/lib/gcc/x86_64-pc-linux-gnu/8.2.0/crtend.o /lib/../lib64/crtn.o]
    arg [/opt/gcc-8.2.0/libexec/gcc/x86_64-pc-linux-gnu/8.2.0/collect2] ==> ignore
    arg [-plugin] ==> ignore
    arg [/opt/gcc-8.2.0/libexec/gcc/x86_64-pc-linux-gnu/8.2.0/liblto_plugin.so] ==> ignore
    arg [-plugin-opt=/opt/gcc-8.2.0/libexec/gcc/x86_64-pc-linux-gnu/8.2.0/lto-wrapper] ==> ignore
    arg [-plugin-opt=-fresolution=/tmp/ccn9xAmG.res] ==> ignore
    arg [-plugin-opt=-pass-through=-lgcc] ==> ignore
    arg [-plugin-opt=-pass-through=-lgcc_s] ==> ignore
    arg [-plugin-opt=-pass-through=-lc] ==> ignore
    arg [-plugin-opt=-pass-through=-lgcc] ==> ignore
    arg [-plugin-opt=-pass-through=-lgcc_s] ==> ignore
    arg [--eh-frame-hdr] ==> ignore
    arg [-m] ==> ignore
    arg [elf_x86_64] ==> ignore
    arg [-export-dynamic] ==> ignore
    arg [-dynamic-linker] ==> ignore
    arg [/lib64/ld-linux-x86-64.so.2] ==> ignore
    arg [-o] ==> ignore
    arg [cmTryCompileExec4136256582] ==> ignore
    arg [/lib/../lib64/crt1.o] ==> ignore
    arg [/lib/../lib64/crti.o] ==> ignore
    arg [/opt/gcc-8.2.0/lib/gcc/x86_64-pc-linux-gnu/8.2.0/crtbegin.o] ==> ignore
    arg [-L/opt/gcc-8.2.0/lib/../lib64] ==> dir [/opt/gcc-8.2.0/lib/../lib64]
    arg [-L/opt/gcc-8.2.0/lib/gcc/x86_64-pc-linux-gnu/8.2.0] ==> dir [/opt/gcc-8.2.0/lib/gcc/x86_64-pc-linux-gnu/8.2.0]
    arg [-L/opt/gcc-8.2.0/lib/gcc/x86_64-pc-linux-gnu/8.2.0/../../../../lib64] ==> dir [/opt/gcc-8.2.0/lib/gcc/x86_64-pc-linux-gnu/8.2.0/../../../../lib64]
    arg [-L/lib/../lib64] ==> dir [/lib/../lib64]
    arg [-L/usr/lib/../lib64] ==> dir [/usr/lib/../lib64]
    arg [-L/opt/gcc-8.2.0/lib] ==> dir [/opt/gcc-8.2.0/lib]
    arg [-L/opt/gcc-8.2.0/lib/gcc/x86_64-pc-linux-gnu/8.2.0/../../..] ==> dir [/opt/gcc-8.2.0/lib/gcc/x86_64-pc-linux-gnu/8.2.0/../../..]
    arg [CMakeFiles/cmTryCompileExec4136256582.dir/CMakeCCompilerABI.c.o] ==> ignore
    arg [-lgcc] ==> lib [gcc]
    arg [--as-needed] ==> ignore
    arg [-lgcc_s] ==> lib [gcc_s]
    arg [--no-as-needed] ==> ignore
    arg [-lc] ==> lib [c]
    arg [-lgcc] ==> lib [gcc]
    arg [--as-needed] ==> ignore
    arg [-lgcc_s] ==> lib [gcc_s]
    arg [--no-as-needed] ==> ignore
    arg [/opt/gcc-8.2.0/lib/gcc/x86_64-pc-linux-gnu/8.2.0/crtend.o] ==> ignore
    arg [/lib/../lib64/crtn.o] ==> ignore
  remove lib [gcc]
  remove lib [gcc_s]
  remove lib [gcc]
  remove lib [gcc_s]
  collapse library dir [/opt/gcc-8.2.0/lib/../lib64] ==> [/opt/gcc-8.2.0/lib64]
  collapse library dir [/opt/gcc-8.2.0/lib/gcc/x86_64-pc-linux-gnu/8.2.0] ==> [/opt/gcc-8.2.0/lib/gcc/x86_64-pc-linux-gnu/8.2.0]
  collapse library dir [/opt/gcc-8.2.0/lib/gcc/x86_64-pc-linux-gnu/8.2.0/../../../../lib64] ==> [/opt/gcc-8.2.0/lib64]
  collapse library dir [/lib/../lib64] ==> [/lib64]
  collapse library dir [/usr/lib/../lib64] ==> [/usr/lib64]
  collapse library dir [/opt/gcc-8.2.0/lib] ==> [/opt/gcc-8.2.0/lib]
  collapse library dir [/opt/gcc-8.2.0/lib/gcc/x86_64-pc-linux-gnu/8.2.0/../../..] ==> [/opt/gcc-8.2.0/lib]
  implicit libs: [c]
  implicit dirs: [/opt/gcc-8.2.0/lib64;/opt/gcc-8.2.0/lib/gcc/x86_64-pc-linux-gnu/8.2.0;/lib64;/usr/lib64;/opt/gcc-8.2.0/lib]
  implicit fwks: []


Determining if the CXX compiler works passed with the following output:
Change Dir: /home/s-hjbouv/CP2/Randomwalk/CMakeFiles/CMakeTmp

Run Build Command:/usr/bin/gmake "cmTryCompileExec1607636730/fast"
/usr/bin/gmake -f CMakeFiles/cmTryCompileExec1607636730.dir/build.make CMakeFiles/cmTryCompileExec1607636730.dir/build
gmake[1]: Entering directory `/home/s-hjbouv/CP2/Randomwalk/CMakeFiles/CMakeTmp'
/usr/bin/cmake -E cmake_progress_report /home/s-hjbouv/CP2/Randomwalk/CMakeFiles/CMakeTmp/CMakeFiles 1
Building CXX object CMakeFiles/cmTryCompileExec1607636730.dir/testCXXCompiler.cxx.o
/opt/gcc-8.2.0/bin/g++     -o CMakeFiles/cmTryCompileExec1607636730.dir/testCXXCompiler.cxx.o -c /home/s-hjbouv/CP2/Randomwalk/CMakeFiles/CMakeTmp/testCXXCompiler.cxx
Linking CXX executable cmTryCompileExec1607636730
/usr/bin/cmake -E cmake_link_script CMakeFiles/cmTryCompileExec1607636730.dir/link.txt --verbose=1
/opt/gcc-8.2.0/bin/g++          CMakeFiles/cmTryCompileExec1607636730.dir/testCXXCompiler.cxx.o  -o cmTryCompileExec1607636730 -rdynamic 
gmake[1]: Leaving directory `/home/s-hjbouv/CP2/Randomwalk/CMakeFiles/CMakeTmp'


Detecting CXX compiler ABI info compiled with the following output:
Change Dir: /home/s-hjbouv/CP2/Randomwalk/CMakeFiles/CMakeTmp

Run Build Command:/usr/bin/gmake "cmTryCompileExec3004410234/fast"
/usr/bin/gmake -f CMakeFiles/cmTryCompileExec3004410234.dir/build.make CMakeFiles/cmTryCompileExec3004410234.dir/build
gmake[1]: Entering directory `/home/s-hjbouv/CP2/Randomwalk/CMakeFiles/CMakeTmp'
/usr/bin/cmake -E cmake_progress_report /home/s-hjbouv/CP2/Randomwalk/CMakeFiles/CMakeTmp/CMakeFiles 1
Building CXX object CMakeFiles/cmTryCompileExec3004410234.dir/CMakeCXXCompilerABI.cpp.o
/opt/gcc-8.2.0/bin/g++     -o CMakeFiles/cmTryCompileExec3004410234.dir/CMakeCXXCompilerABI.cpp.o -c /usr/share/cmake/Modules/CMakeCXXCompilerABI.cpp
Linking CXX executable cmTryCompileExec3004410234
/usr/bin/cmake -E cmake_link_script CMakeFiles/cmTryCompileExec3004410234.dir/link.txt --verbose=1
/opt/gcc-8.2.0/bin/g++        -v CMakeFiles/cmTryCompileExec3004410234.dir/CMakeCXXCompilerABI.cpp.o  -o cmTryCompileExec3004410234 -rdynamic  
Using built-in specs.
COLLECT_GCC=/opt/gcc-8.2.0/bin/g++
COLLECT_LTO_WRAPPER=/opt/gcc-8.2.0/libexec/gcc/x86_64-pc-linux-gnu/8.2.0/lto-wrapper
Target: x86_64-pc-linux-gnu
Configured with: ./configure --prefix=/opt/gcc-8.2.0 --disable-multilib
Thread model: posix
gcc version 8.2.0 (GCC) 
COMPILER_PATH=/opt/gcc-8.2.0/libexec/gcc/x86_64-pc-linux-gnu/8.2.0/:/opt/gcc-8.2.0/libexec/gcc/x86_64-pc-linux-gnu/8.2.0/:/opt/gcc-8.2.0/libexec/gcc/x86_64-pc-linux-gnu/:/opt/gcc-8.2.0/lib/gcc/x86_64-pc-linux-gnu/8.2.0/:/opt/gcc-8.2.0/lib/gcc/x86_64-pc-linux-gnu/
LIBRARY_PATH=/opt/gcc-8.2.0/lib/../lib64/:/opt/gcc-8.2.0/lib/gcc/x86_64-pc-linux-gnu/8.2.0/:/opt/gcc-8.2.0/lib/gcc/x86_64-pc-linux-gnu/8.2.0/../../../../lib64/:/lib/../lib64/:/usr/lib/../lib64/:/opt/gcc-8.2.0/lib/:/opt/gcc-8.2.0/lib/gcc/x86_64-pc-linux-gnu/8.2.0/../../../:/lib/:/usr/lib/
COLLECT_GCC_OPTIONS='-v' '-o' 'cmTryCompileExec3004410234' '-rdynamic' '-shared-libgcc' '-mtune=generic' '-march=x86-64'
 /opt/gcc-8.2.0/libexec/gcc/x86_64-pc-linux-gnu/8.2.0/collect2 -plugin /opt/gcc-8.2.0/libexec/gcc/x86_64-pc-linux-gnu/8.2.0/liblto_plugin.so -plugin-opt=/opt/gcc-8.2.0/libexec/gcc/x86_64-pc-linux-gnu/8.2.0/lto-wrapper -plugin-opt=-fresolution=/tmp/cczgQ5d0.res -plugin-opt=-pass-through=-lgcc_s -plugin-opt=-pass-through=-lgcc -plugin-opt=-pass-through=-lc -plugin-opt=-pass-through=-lgcc_s -plugin-opt=-pass-through=-lgcc --eh-frame-hdr -m elf_x86_64 -export-dynamic -dynamic-linker /lib64/ld-linux-x86-64.so.2 -o cmTryCompileExec3004410234 /lib/../lib64/crt1.o /lib/../lib64/crti.o /opt/gcc-8.2.0/lib/gcc/x86_64-pc-linux-gnu/8.2.0/crtbegin.o -L/opt/gcc-8.2.0/lib/../lib64 -L/opt/gcc-8.2.0/lib/gcc/x86_64-pc-linux-gnu/8.2.0 -L/opt/gcc-8.2.0/lib/gcc/x86_64-pc-linux-gnu/8.2.0/../../../../lib64 -L/lib/../lib64 -L/usr/lib/../lib64 -L/opt/gcc-8.2.0/lib -L/opt/gcc-8.2.0/lib/gcc/x86_64-pc-linux-gnu/8.2.0/../../.. CMakeFiles/cmTryCompileExec3004410234.dir/CMakeCXXCompilerABI.cpp.o -lstdc++ -lm -lgcc_s -lgcc -lc -lgcc_s -lgcc /opt/gcc-8.2.0/lib/gcc/x86_64-pc-linux-gnu/8.2.0/crtend.o /lib/../lib64/crtn.o
COLLECT_GCC_OPTIONS='-v' '-o' 'cmTryCompileExec3004410234' '-rdynamic' '-shared-libgcc' '-mtune=generic' '-march=x86-64'
gmake[1]: Leaving directory `/home/s-hjbouv/CP2/Randomwalk/CMakeFiles/CMakeTmp'


Parsed CXX implicit link information from above output:
  link line regex: [^( *|.*[/\])(ld|ld|collect2)[^/\]*( |$)]
  ignore line: [Change Dir: /home/s-hjbouv/CP2/Randomwalk/CMakeFiles/CMakeTmp]
  ignore line: []
  ignore line: [Run Build Command:/usr/bin/gmake "cmTryCompileExec3004410234/fast"]
  ignore line: [/usr/bin/gmake -f CMakeFiles/cmTryCompileExec3004410234.dir/build.make CMakeFiles/cmTryCompileExec3004410234.dir/build]
  ignore line: [gmake[1]: Entering directory `/home/s-hjbouv/CP2/Randomwalk/CMakeFiles/CMakeTmp']
  ignore line: [/usr/bin/cmake -E cmake_progress_report /home/s-hjbouv/CP2/Randomwalk/CMakeFiles/CMakeTmp/CMakeFiles 1]
  ignore line: [Building CXX object CMakeFiles/cmTryCompileExec3004410234.dir/CMakeCXXCompilerABI.cpp.o]
  ignore line: [/opt/gcc-8.2.0/bin/g++     -o CMakeFiles/cmTryCompileExec3004410234.dir/CMakeCXXCompilerABI.cpp.o -c /usr/share/cmake/Modules/CMakeCXXCompilerABI.cpp]
  ignore line: [Linking CXX executable cmTryCompileExec3004410234]
  ignore line: [/usr/bin/cmake -E cmake_link_script CMakeFiles/cmTryCompileExec3004410234.dir/link.txt --verbose=1]
  ignore line: [/opt/gcc-8.2.0/bin/g++        -v CMakeFiles/cmTryCompileExec3004410234.dir/CMakeCXXCompilerABI.cpp.o  -o cmTryCompileExec3004410234 -rdynamic  ]
  ignore line: [Using built-in specs.]
  ignore line: [COLLECT_GCC=/opt/gcc-8.2.0/bin/g++]
  ignore line: [COLLECT_LTO_WRAPPER=/opt/gcc-8.2.0/libexec/gcc/x86_64-pc-linux-gnu/8.2.0/lto-wrapper]
  ignore line: [Target: x86_64-pc-linux-gnu]
  ignore line: [Configured with: ./configure --prefix=/opt/gcc-8.2.0 --disable-multilib]
  ignore line: [Thread model: posix]
  ignore line: [gcc version 8.2.0 (GCC) ]
  ignore line: [COMPILER_PATH=/opt/gcc-8.2.0/libexec/gcc/x86_64-pc-linux-gnu/8.2.0/:/opt/gcc-8.2.0/libexec/gcc/x86_64-pc-linux-gnu/8.2.0/:/opt/gcc-8.2.0/libexec/gcc/x86_64-pc-linux-gnu/:/opt/gcc-8.2.0/lib/gcc/x86_64-pc-linux-gnu/8.2.0/:/opt/gcc-8.2.0/lib/gcc/x86_64-pc-linux-gnu/]
  ignore line: [LIBRARY_PATH=/opt/gcc-8.2.0/lib/../lib64/:/opt/gcc-8.2.0/lib/gcc/x86_64-pc-linux-gnu/8.2.0/:/opt/gcc-8.2.0/lib/gcc/x86_64-pc-linux-gnu/8.2.0/../../../../lib64/:/lib/../lib64/:/usr/lib/../lib64/:/opt/gcc-8.2.0/lib/:/opt/gcc-8.2.0/lib/gcc/x86_64-pc-linux-gnu/8.2.0/../../../:/lib/:/usr/lib/]
  ignore line: [COLLECT_GCC_OPTIONS='-v' '-o' 'cmTryCompileExec3004410234' '-rdynamic' '-shared-libgcc' '-mtune=generic' '-march=x86-64']
  link line: [ /opt/gcc-8.2.0/libexec/gcc/x86_64-pc-linux-gnu/8.2.0/collect2 -plugin /opt/gcc-8.2.0/libexec/gcc/x86_64-pc-linux-gnu/8.2.0/liblto_plugin.so -plugin-opt=/opt/gcc-8.2.0/libexec/gcc/x86_64-pc-linux-gnu/8.2.0/lto-wrapper -plugin-opt=-fresolution=/tmp/cczgQ5d0.res -plugin-opt=-pass-through=-lgcc_s -plugin-opt=-pass-through=-lgcc -plugin-opt=-pass-through=-lc -plugin-opt=-pass-through=-lgcc_s -plugin-opt=-pass-through=-lgcc --eh-frame-hdr -m elf_x86_64 -export-dynamic -dynamic-linker /lib64/ld-linux-x86-64.so.2 -o cmTryCompileExec3004410234 /lib/../lib64/crt1.o /lib/../lib64/crti.o /opt/gcc-8.2.0/lib/gcc/x86_64-pc-linux-gnu/8.2.0/crtbegin.o -L/opt/gcc-8.2.0/lib/../lib64 -L/opt/gcc-8.2.0/lib/gcc/x86_64-pc-linux-gnu/8.2.0 -L/opt/gcc-8.2.0/lib/gcc/x86_64-pc-linux-gnu/8.2.0/../../../../lib64 -L/lib/../lib64 -L/usr/lib/../lib64 -L/opt/gcc-8.2.0/lib -L/opt/gcc-8.2.0/lib/gcc/x86_64-pc-linux-gnu/8.2.0/../../.. CMakeFiles/cmTryCompileExec3004410234.dir/CMakeCXXCompilerABI.cpp.o -lstdc++ -lm -lgcc_s -lgcc -lc -lgcc_s -lgcc /opt/gcc-8.2.0/lib/gcc/x86_64-pc-linux-gnu/8.2.0/crtend.o /lib/../lib64/crtn.o]
    arg [/opt/gcc-8.2.0/libexec/gcc/x86_64-pc-linux-gnu/8.2.0/collect2] ==> ignore
    arg [-plugin] ==> ignore
    arg [/opt/gcc-8.2.0/libexec/gcc/x86_64-pc-linux-gnu/8.2.0/liblto_plugin.so] ==> ignore
    arg [-plugin-opt=/opt/gcc-8.2.0/libexec/gcc/x86_64-pc-linux-gnu/8.2.0/lto-wrapper] ==> ignore
    arg [-plugin-opt=-fresolution=/tmp/cczgQ5d0.res] ==> ignore
    arg [-plugin-opt=-pass-through=-lgcc_s] ==> ignore
    arg [-plugin-opt=-pass-through=-lgcc] ==> ignore
    arg [-plugin-opt=-pass-through=-lc] ==> ignore
    arg [-plugin-opt=-pass-through=-lgcc_s] ==> ignore
    arg [-plugin-opt=-pass-through=-lgcc] ==> ignore
    arg [--eh-frame-hdr] ==> ignore
    arg [-m] ==> ignore
    arg [elf_x86_64] ==> ignore
    arg [-export-dynamic] ==> ignore
    arg [-dynamic-linker] ==> ignore
    arg [/lib64/ld-linux-x86-64.so.2] ==> ignore
    arg [-o] ==> ignore
    arg [cmTryCompileExec3004410234] ==> ignore
    arg [/lib/../lib64/crt1.o] ==> ignore
    arg [/lib/../lib64/crti.o] ==> ignore
    arg [/opt/gcc-8.2.0/lib/gcc/x86_64-pc-linux-gnu/8.2.0/crtbegin.o] ==> ignore
    arg [-L/opt/gcc-8.2.0/lib/../lib64] ==> dir [/opt/gcc-8.2.0/lib/../lib64]
    arg [-L/opt/gcc-8.2.0/lib/gcc/x86_64-pc-linux-gnu/8.2.0] ==> dir [/opt/gcc-8.2.0/lib/gcc/x86_64-pc-linux-gnu/8.2.0]
    arg [-L/opt/gcc-8.2.0/lib/gcc/x86_64-pc-linux-gnu/8.2.0/../../../../lib64] ==> dir [/opt/gcc-8.2.0/lib/gcc/x86_64-pc-linux-gnu/8.2.0/../../../../lib64]
    arg [-L/lib/../lib64] ==> dir [/lib/../lib64]
    arg [-L/usr/lib/../lib64] ==> dir [/usr/lib/../lib64]
    arg [-L/opt/gcc-8.2.0/lib] ==> dir [/opt/gcc-8.2.0/lib]
    arg [-L/opt/gcc-8.2.0/lib/gcc/x86_64-pc-linux-gnu/8.2.0/../../..] ==> dir [/opt/gcc-8.2.0/lib/gcc/x86_64-pc-linux-gnu/8.2.0/../../..]
    arg [CMakeFiles/cmTryCompileExec3004410234.dir/CMakeCXXCompilerABI.cpp.o] ==> ignore
    arg [-lstdc++] ==> lib [stdc++]
    arg [-lm] ==> lib [m]
    arg [-lgcc_s] ==> lib [gcc_s]
    arg [-lgcc] ==> lib [gcc]
    arg [-lc] ==> lib [c]
    arg [-lgcc_s] ==> lib [gcc_s]
    arg [-lgcc] ==> lib [gcc]
    arg [/opt/gcc-8.2.0/lib/gcc/x86_64-pc-linux-gnu/8.2.0/crtend.o] ==> ignore
    arg [/lib/../lib64/crtn.o] ==> ignore
  remove lib [gcc_s]
  remove lib [gcc]
  remove lib [gcc_s]
  remove lib [gcc]
  collapse library dir [/opt/gcc-8.2.0/lib/../lib64] ==> [/opt/gcc-8.2.0/lib64]
  collapse library dir [/opt/gcc-8.2.0/lib/gcc/x86_64-pc-linux-gnu/8.2.0] ==> [/opt/gcc-8.2.0/lib/gcc/x86_64-pc-linux-gnu/8.2.0]
  collapse library dir [/opt/gcc-8.2.0/lib/gcc/x86_64-pc-linux-gnu/8.2.0/../../../../lib64] ==> [/opt/gcc-8.2.0/lib64]
  collapse library dir [/lib/../lib64] ==> [/lib64]
  collapse library dir [/usr/lib/../lib64] ==> [/usr/lib64]
  collapse library dir [/opt/gcc-8.2.0/lib] ==> [/opt/gcc-8.2.0/lib]
  collapse library dir [/opt/gcc-8.2.0/lib/gcc/x86_64-pc-linux-gnu/8.2.0/../../..] ==> [/opt/gcc-8.2.0/lib]
  implicit libs: [stdc++;m;c]
  implicit dirs: [/opt/gcc-8.2.0/lib64;/opt/gcc-8.2.0/lib/gcc/x86_64-pc-linux-gnu/8.2.0;/lib64;/usr/lib64;/opt/gcc-8.2.0/lib]
  implicit fwks: []


